<?xml version="1.0" encoding="UTF-8"?>
<!-- Generated by org.testng.reporters.JUnitXMLReporter -->
<testsuite ignored="0" hostname="Homes-Air.fios-router.home" failures="0" tests="1" name="Test" time="0.07" errors="0" timestamp="2019-11-19T18:14:23 EST">
  <testcase classname="com.test.sitename.TemplateTest" name="@BeforeSuite setUp" time="-1.574205263378E9">
    <failure type="org.testng.TestNGException" message="
Parameter &amp;apos;pathToExecutable&amp;apos; is required by BeforeSuite on method setUp but has not been marked @Optional or defined
in /Users/home/Desktop/automation/graphyte/TestNGProject/templatetest.xml">
      <![CDATA[org.testng.TestNGException: 
Parameter 'pathToExecutable' is required by BeforeSuite on method setUp but has not been marked @Optional or defined
in /Users/home/Desktop/automation/graphyte/TestNGProject/templatetest.xml
... Removed 16 stack frames]]>
    </failure>
  </testcase> <!-- @BeforeSuite setUp -->
  <testcase classname="com.test.sitename.TemplateTest" name="@BeforeTest beforeTest" time="-1.574205263397E9">
    <skipped/>
  </testcase> <!-- @BeforeTest beforeTest -->
  <testcase classname="com.test.sitename.TemplateTest" name="@AfterTest afterTest" time="-1.574205263461E9">
    <skipped/>
  </testcase> <!-- @AfterTest afterTest -->
  <testcase classname="com.test.sitename.TemplateTest" name="f" time="0.0">
    <skipped/>
  </testcase> <!-- f -->
</testsuite> <!-- Test -->
