<?xml version="1.0" encoding="UTF-8"?>
<!-- Generated by org.testng.reporters.JUnitXMLReporter -->
<testsuite ignored="0" hostname="Homes-Air.fios-router.home" failures="0" tests="3" name="CreateAccount" time="0.163" errors="0" timestamp="2019-11-27T18:52:56 EST">
  <testcase classname="test.CheckoutFlow" name="@BeforeTest setUp" time="0.089">
    <failure type="java.lang.IllegalStateException" message="The path to the driver executable must be set by the webdriver.chrome.driver system property; for more information, see https://github.com/SeleniumHQ/selenium/wiki/ChromeDriver. The latest version can be downloaded from http://chromedriver.storage.googleapis.com/index.html">
      <![CDATA[java.lang.IllegalStateException: The path to the driver executable must be set by the webdriver.chrome.driver system property; for more information, see https://github.com/SeleniumHQ/selenium/wiki/ChromeDriver. The latest version can be downloaded from http://chromedriver.storage.googleapis.com/index.html
at com.google.common.base.Preconditions.checkState(Preconditions.java:847)
at org.openqa.selenium.remote.service.DriverService.findExecutable(DriverService.java:134)
at org.openqa.selenium.chrome.ChromeDriverService.access$000(ChromeDriverService.java:35)
at org.openqa.selenium.chrome.ChromeDriverService$Builder.findDefaultExecutable(ChromeDriverService.java:159)
at org.openqa.selenium.remote.service.DriverService$Builder.build(DriverService.java:355)
at org.openqa.selenium.chrome.ChromeDriverService.createDefaultService(ChromeDriverService.java:94)
at org.openqa.selenium.chrome.ChromeDriver.<init>(ChromeDriver.java:123)
at test.CheckoutFlow.setUp(CheckoutFlow.java:36)
... Removed 24 stack frames]]>
    </failure>
  </testcase> <!-- @BeforeTest setUp -->
  <testcase classname="test.CreateAccount" name="@BeforeTest setUp" time="-1.574898775834E9">
    <skipped/>
  </testcase> <!-- @BeforeTest setUp -->
  <testcase classname="test.CheckoutFlow" name="@AfterTest tearDown" time="-1.574898775883E9">
    <skipped/>
  </testcase> <!-- @AfterTest tearDown -->
  <testcase classname="test.CreateAccount" name="@AfterTest tearDown" time="-1.574898775886E9">
    <skipped/>
  </testcase> <!-- @AfterTest tearDown -->
  <testcase classname="test.CreateAccount" name="registrationFormSubmission" time="0.0">
    <skipped/>
  </testcase> <!-- registrationFormSubmission -->
  <testcase classname="test.CreateAccount" name="registrationFormUIValidation" time="0.0">
    <skipped/>
  </testcase> <!-- registrationFormUIValidation -->
  <testcase classname="test.CheckoutFlow" name="itemPurchaseTest" time="0.0">
    <skipped/>
  </testcase> <!-- itemPurchaseTest -->
</testsuite> <!-- CreateAccount -->
